[01:33:18] [Server thread/INFO]: Starting minecraft server version 1.7.10
[01:33:23] [Server thread/INFO]: Loading properties
[01:33:23] [Server thread/INFO]: Default game type: SURVIVAL
[01:33:23] [Server thread/INFO]: Generating keypair
[01:33:23] [Server thread/INFO]: Starting Minecraft server on *:25565
[01:33:23] [Server thread/WARN]: Failed to load user banlist: 
java.io.FileNotFoundException: banned-players.json (No such file or directory)
	at java.io.FileInputStream.open0(Native Method) ~[?:1.8.0_352-internal]
	at java.io.FileInputStream.open(FileInputStream.java:195) ~[?:1.8.0_352-internal]
	at java.io.FileInputStream.<init>(FileInputStream.java:138) ~[?:1.8.0_352-internal]
	at com.google.common.io.Files.newReader(Files.java:86) ~[guava-17.0.jar:?]
	at net.minecraft.server.management.UserList.func_152679_g(UserList.java:195) ~[UserList.class:?]
	at net.minecraft.server.dedicated.DedicatedPlayerList.func_152620_y(DedicatedPlayerList.java:124) [DedicatedPlayerList.class:?]
	at net.minecraft.server.dedicated.DedicatedPlayerList.<init>(DedicatedPlayerList.java:31) [DedicatedPlayerList.class:?]
	at net.minecraft.server.dedicated.DedicatedServer.startServer(DedicatedServer.java:214) [DedicatedServer.class:?]
	at net.minecraft.server.MinecraftServer.run(MinecraftServer.java:445) [MinecraftServer.class:?]
	at net.minecraft.server.MinecraftServer$2.run(MinecraftServer.java:752) [MinecraftServer$2.class:?]
[01:33:23] [Server thread/WARN]: Failed to load ip banlist: 
java.io.FileNotFoundException: banned-ips.json (No such file or directory)
	at java.io.FileInputStream.open0(Native Method) ~[?:1.8.0_352-internal]
	at java.io.FileInputStream.open(FileInputStream.java:195) ~[?:1.8.0_352-internal]
	at java.io.FileInputStream.<init>(FileInputStream.java:138) ~[?:1.8.0_352-internal]
	at com.google.common.io.Files.newReader(Files.java:86) ~[guava-17.0.jar:?]
	at net.minecraft.server.management.UserList.func_152679_g(UserList.java:195) ~[UserList.class:?]
	at net.minecraft.server.dedicated.DedicatedPlayerList.func_152619_x(DedicatedPlayerList.java:112) [DedicatedPlayerList.class:?]
	at net.minecraft.server.dedicated.DedicatedPlayerList.<init>(DedicatedPlayerList.java:33) [DedicatedPlayerList.class:?]
	at net.minecraft.server.dedicated.DedicatedServer.startServer(DedicatedServer.java:214) [DedicatedServer.class:?]
	at net.minecraft.server.MinecraftServer.run(MinecraftServer.java:445) [MinecraftServer.class:?]
	at net.minecraft.server.MinecraftServer$2.run(MinecraftServer.java:752) [MinecraftServer$2.class:?]
[01:33:23] [Server thread/WARN]: Failed to load operators list: 
java.io.FileNotFoundException: ops.json (No such file or directory)
	at java.io.FileInputStream.open0(Native Method) ~[?:1.8.0_352-internal]
	at java.io.FileInputStream.open(FileInputStream.java:195) ~[?:1.8.0_352-internal]
	at java.io.FileInputStream.<init>(FileInputStream.java:138) ~[?:1.8.0_352-internal]
	at com.google.common.io.Files.newReader(Files.java:86) ~[guava-17.0.jar:?]
	at net.minecraft.server.management.UserList.func_152679_g(UserList.java:195) ~[UserList.class:?]
	at net.minecraft.server.dedicated.DedicatedPlayerList.loadOpsList(DedicatedPlayerList.java:136) [DedicatedPlayerList.class:?]
	at net.minecraft.server.dedicated.DedicatedPlayerList.<init>(DedicatedPlayerList.java:35) [DedicatedPlayerList.class:?]
	at net.minecraft.server.dedicated.DedicatedServer.startServer(DedicatedServer.java:214) [DedicatedServer.class:?]
	at net.minecraft.server.MinecraftServer.run(MinecraftServer.java:445) [MinecraftServer.class:?]
	at net.minecraft.server.MinecraftServer$2.run(MinecraftServer.java:752) [MinecraftServer$2.class:?]
[01:33:23] [Server thread/WARN]: Failed to load white-list: 
java.io.FileNotFoundException: whitelist.json (No such file or directory)
	at java.io.FileInputStream.open0(Native Method) ~[?:1.8.0_352-internal]
	at java.io.FileInputStream.open(FileInputStream.java:195) ~[?:1.8.0_352-internal]
	at java.io.FileInputStream.<init>(FileInputStream.java:138) ~[?:1.8.0_352-internal]
	at com.google.common.io.Files.newReader(Files.java:86) ~[guava-17.0.jar:?]
	at net.minecraft.server.management.UserList.func_152679_g(UserList.java:195) ~[UserList.class:?]
	at net.minecraft.server.dedicated.DedicatedPlayerList.readWhiteList(DedicatedPlayerList.java:160) [DedicatedPlayerList.class:?]
	at net.minecraft.server.dedicated.DedicatedPlayerList.<init>(DedicatedPlayerList.java:36) [DedicatedPlayerList.class:?]
	at net.minecraft.server.dedicated.DedicatedServer.startServer(DedicatedServer.java:214) [DedicatedServer.class:?]
	at net.minecraft.server.MinecraftServer.run(MinecraftServer.java:445) [MinecraftServer.class:?]
	at net.minecraft.server.MinecraftServer$2.run(MinecraftServer.java:752) [MinecraftServer$2.class:?]
[01:33:23] [Server thread/INFO]: Preparing level "world"
[01:33:24] [Server thread/INFO]: Preparing start region for level 0
[01:33:25] [Server thread/INFO]: Preparing spawn area: 14%
[01:33:26] [Server thread/INFO]: Preparing spawn area: 30%
[01:33:27] [Server thread/INFO]: Preparing spawn area: 45%
[01:33:28] [Server thread/INFO]: Preparing spawn area: 62%
[01:33:29] [Server thread/INFO]: Preparing spawn area: 74%
[01:33:30] [Server thread/INFO]: Preparing spawn area: 89%
[01:33:31] [Server thread/INFO]: Done (7.148s)! For help, type "help" or "?"
[01:33:42] [Server thread/INFO]: Stopping the server
[01:33:42] [Server thread/INFO]: Stopping server
[01:33:42] [Server thread/INFO]: Saving players
[01:33:42] [Server thread/INFO]: Saving worlds
[01:33:42] [Server thread/INFO]: Saving chunks for level 'world'/Overworld
[01:33:42] [Server thread/INFO]: Saving chunks for level 'world'/Nether
[01:33:42] [Server thread/INFO]: Saving chunks for level 'world'/The End
